<?xml version="1.0" encoding="UTF-8"?>
<testsuite name="com.example.projectboard.ProjectBoardApplicationTests" tests="1" skipped="0" failures="0" errors="0" timestamp="2022-07-27T08:13:42" hostname="DESKTOP-CPMFLOF" time="1.29">
  <properties/>
  <testcase name="contextLoads()" classname="com.example.projectboard.ProjectBoardApplicationTests" time="1.29"/>
  <system-out><![CDATA[17:13:34.507 [Test worker] DEBUG org.springframework.test.context.BootstrapUtils - Instantiating CacheAwareContextLoaderDelegate from class [org.springframework.test.context.cache.DefaultCacheAwareContextLoaderDelegate]
17:13:34.546 [Test worker] DEBUG org.springframework.test.context.BootstrapUtils - Instantiating BootstrapContext using constructor [public org.springframework.test.context.support.DefaultBootstrapContext(java.lang.Class,org.springframework.test.context.CacheAwareContextLoaderDelegate)]
17:13:34.640 [Test worker] DEBUG org.springframework.test.context.BootstrapUtils - Instantiating TestContextBootstrapper for test class [com.example.projectboard.ProjectBoardApplicationTests] from class [org.springframework.boot.test.context.SpringBootTestContextBootstrapper]
17:13:34.669 [Test worker] INFO org.springframework.boot.test.context.SpringBootTestContextBootstrapper - Neither @ContextConfiguration nor @ContextHierarchy found for test class [com.example.projectboard.ProjectBoardApplicationTests], using SpringBootContextLoader
17:13:34.688 [Test worker] DEBUG org.springframework.test.context.support.AbstractContextLoader - Did not detect default resource location for test class [com.example.projectboard.ProjectBoardApplicationTests]: class path resource [com/example/projectboard/ProjectBoardApplicationTests-context.xml] does not exist
17:13:34.690 [Test worker] DEBUG org.springframework.test.context.support.AbstractContextLoader - Did not detect default resource location for test class [com.example.projectboard.ProjectBoardApplicationTests]: class path resource [com/example/projectboard/ProjectBoardApplicationTestsContext.groovy] does not exist
17:13:34.691 [Test worker] INFO org.springframework.test.context.support.AbstractContextLoader - Could not detect default resource locations for test class [com.example.projectboard.ProjectBoardApplicationTests]: no resource found for suffixes {-context.xml, Context.groovy}.
17:13:34.692 [Test worker] INFO org.springframework.test.context.support.AnnotationConfigContextLoaderUtils - Could not detect default configuration classes for test class [com.example.projectboard.ProjectBoardApplicationTests]: ProjectBoardApplicationTests does not declare any static, non-private, non-final, nested classes annotated with @Configuration.
17:13:34.818 [Test worker] DEBUG org.springframework.test.context.support.ActiveProfilesUtils - Could not find an 'annotation declaring class' for annotation type [org.springframework.test.context.ActiveProfiles] and class [com.example.projectboard.ProjectBoardApplicationTests]
17:13:35.037 [Test worker] DEBUG org.springframework.context.annotation.ClassPathScanningCandidateComponentProvider - Identified candidate component class: file [C:\Users\user\Documents\하이웍스 받은파일\업무\새 폴더 (2)\board-project\build\classes\java\main\com\example\projectboard\ProjectBoardApplication.class]
17:13:35.040 [Test worker] INFO org.springframework.boot.test.context.SpringBootTestContextBootstrapper - Found @SpringBootConfiguration com.example.projectboard.ProjectBoardApplication for test class com.example.projectboard.ProjectBoardApplicationTests
17:13:35.313 [Test worker] DEBUG org.springframework.boot.test.context.SpringBootTestContextBootstrapper - @TestExecutionListeners is not present for class [com.example.projectboard.ProjectBoardApplicationTests]: using defaults.
17:13:35.314 [Test worker] INFO org.springframework.boot.test.context.SpringBootTestContextBootstrapper - Loaded default TestExecutionListener class names from location [META-INF/spring.factories]: [org.springframework.boot.test.autoconfigure.restdocs.RestDocsTestExecutionListener, org.springframework.boot.test.autoconfigure.web.client.MockRestServiceServerResetTestExecutionListener, org.springframework.boot.test.autoconfigure.web.servlet.MockMvcPrintOnlyOnFailureTestExecutionListener, org.springframework.boot.test.autoconfigure.web.servlet.WebDriverTestExecutionListener, org.springframework.boot.test.autoconfigure.webservices.client.MockWebServiceServerTestExecutionListener, org.springframework.boot.test.mock.mockito.MockitoTestExecutionListener, org.springframework.boot.test.mock.mockito.ResetMocksTestExecutionListener, org.springframework.test.context.web.ServletTestExecutionListener, org.springframework.test.context.support.DirtiesContextBeforeModesTestExecutionListener, org.springframework.test.context.event.ApplicationEventsTestExecutionListener, org.springframework.test.context.support.DependencyInjectionTestExecutionListener, org.springframework.test.context.support.DirtiesContextTestExecutionListener, org.springframework.test.context.transaction.TransactionalTestExecutionListener, org.springframework.test.context.jdbc.SqlScriptsTestExecutionListener, org.springframework.test.context.event.EventPublishingTestExecutionListener]
17:13:35.341 [Test worker] DEBUG org.springframework.boot.test.context.SpringBootTestContextBootstrapper - Skipping candidate TestExecutionListener [org.springframework.test.context.transaction.TransactionalTestExecutionListener] due to a missing dependency. Specify custom listener classes or make the default listener classes and their required dependencies available. Offending class: [org/springframework/transaction/interceptor/TransactionAttributeSource]
17:13:35.343 [Test worker] DEBUG org.springframework.boot.test.context.SpringBootTestContextBootstrapper - Skipping candidate TestExecutionListener [org.springframework.test.context.jdbc.SqlScriptsTestExecutionListener] due to a missing dependency. Specify custom listener classes or make the default listener classes and their required dependencies available. Offending class: [org/springframework/transaction/interceptor/TransactionAttribute]
17:13:35.344 [Test worker] INFO org.springframework.boot.test.context.SpringBootTestContextBootstrapper - Using TestExecutionListeners: [org.springframework.test.context.web.ServletTestExecutionListener@3a94964, org.springframework.test.context.support.DirtiesContextBeforeModesTestExecutionListener@5049d8b2, org.springframework.test.context.event.ApplicationEventsTestExecutionListener@6d0b5baf, org.springframework.boot.test.mock.mockito.MockitoTestExecutionListener@631e06ab, org.springframework.boot.test.autoconfigure.SpringBootDependencyInjectionTestExecutionListener@2a3591c5, org.springframework.test.context.support.DirtiesContextTestExecutionListener@34a75079, org.springframework.test.context.event.EventPublishingTestExecutionListener@346a361, org.springframework.boot.test.autoconfigure.restdocs.RestDocsTestExecutionListener@107ed6fc, org.springframework.boot.test.autoconfigure.web.client.MockRestServiceServerResetTestExecutionListener@1643d68f, org.springframework.boot.test.autoconfigure.web.servlet.MockMvcPrintOnlyOnFailureTestExecutionListener@186978a6, org.springframework.boot.test.autoconfigure.web.servlet.WebDriverTestExecutionListener@2e029d61, org.springframework.boot.test.autoconfigure.webservices.client.MockWebServiceServerTestExecutionListener@482d776b, org.springframework.boot.test.mock.mockito.ResetMocksTestExecutionListener@4052274f]
17:13:35.356 [Test worker] DEBUG org.springframework.test.context.support.AbstractDirtiesContextTestExecutionListener - Before test class: context [DefaultTestContext@32f0fba8 testClass = ProjectBoardApplicationTests, testInstance = [null], testMethod = [null], testException = [null], mergedContextConfiguration = [WebMergedContextConfiguration@545de5a4 testClass = ProjectBoardApplicationTests, locations = '{}', classes = '{class com.example.projectboard.ProjectBoardApplication}', contextInitializerClasses = '[]', activeProfiles = '{}', propertySourceLocations = '{}', propertySourceProperties = '{org.springframework.boot.test.context.SpringBootTestContextBootstrapper=true}', contextCustomizers = set[org.springframework.boot.test.autoconfigure.actuate.metrics.MetricsExportContextCustomizerFactory$DisableMetricExportContextCustomizer@34f22f9d, org.springframework.boot.test.autoconfigure.properties.PropertyMappingContextCustomizer@0, org.springframework.boot.test.autoconfigure.web.servlet.WebDriverContextCustomizerFactory$Customizer@460ebd80, org.springframework.boot.test.context.filter.ExcludeFilterContextCustomizer@1afdd473, org.springframework.boot.test.json.DuplicateJsonObjectContextCustomizerFactory$DuplicateJsonObjectContextCustomizer@51acdf2e, org.springframework.boot.test.mock.mockito.MockitoContextCustomizer@0, org.springframework.boot.test.web.client.TestRestTemplateContextCustomizer@525575, org.springframework.boot.test.context.SpringBootTestArgs@1, org.springframework.boot.test.context.SpringBootTestWebEnvironment@3fb1549b], resourceBasePath = 'src/main/webapp', contextLoader = 'org.springframework.boot.test.context.SpringBootContextLoader', parent = [null]], attributes = map['org.springframework.test.context.web.ServletTestExecutionListener.activateListener' -> true]], class annotated with @DirtiesContext [false] with mode [null].

  .   ____          _            __ _ _
 /\\ / ___'_ __ _ _(_)_ __  __ _ \ \ \ \
( ( )\___ | '_ | '_| | '_ \/ _` | \ \ \ \
 \\/  ___)| |_)| | | | | || (_| |  ) ) ) )
  '  |____| .__|_| |_|_| |_\__, | / / / /
 =========|_|==============|___/=/_/_/_/
 :: Spring Boot ::                (v2.7.2)

2022-07-27 17:13:36.371  INFO 45172 --- [    Test worker] c.e.p.ProjectBoardApplicationTests       : Starting ProjectBoardApplicationTests using Java 17.0.4 on DESKTOP-CPMFLOF with PID 45172 (started by user in C:\Users\user\Documents\하이웍스 받은파일\업무\새 폴더 (2)\board-project)
2022-07-27 17:13:36.374  INFO 45172 --- [    Test worker] c.e.p.ProjectBoardApplicationTests       : No active profile set, falling back to 1 default profile: "default"
2022-07-27 17:13:41.792  INFO 45172 --- [    Test worker] o.s.b.a.e.web.EndpointLinksResolver      : Exposing 1 endpoint(s) beneath base path '/actuator'
2022-07-27 17:13:41.961  INFO 45172 --- [    Test worker] c.e.p.ProjectBoardApplicationTests       : Started ProjectBoardApplicationTests in 6.488 seconds (JVM running for 11.794)
]]></system-out>
  <system-err><![CDATA[]]></system-err>
</testsuite>
